<?xml version="1.0" encoding="UTF-8"?>
<!-- Generated by org.testng.reporters.JUnitXMLReporter -->
<testsuite hostname="SheliAshkenazi" name="TestIOS2" tests="1" failures="1" timestamp="22 Jan 2018 11:04:52 GMT" time="92.263" errors="0">
  <testcase name="test" time="39.096" classname="com.experitest.auto.IOSDemoTest">
    <failure type="org.openqa.selenium.TimeoutException" message="Timed out after 30 seconds waiting for presence of element located by: By.xpath: //*[@text=&amp;apos;Your balance is:  100.00$ &amp;apos;]
Build info: version: &amp;apos;2.53.1&amp;apos;, revision: &amp;apos;a36b8b1cd5757287168e54b817830adce9b0158d&amp;apos;, time: &amp;apos;2016-06-30 19:26:09&amp;apos;
System info: host: &amp;apos;SheliAshkenazi&amp;apos;, ip: &amp;apos;192.168.2.73&amp;apos;, os.name: &amp;apos;Windows 8.1&amp;apos;, os.arch: &amp;apos;amd64&amp;apos;, os.version: &amp;apos;6.3&amp;apos;, java.version: &amp;apos;1.8.0_121&amp;apos;
Driver info: io.appium.java_client.ios.IOSDriver
Capabilities [{device.majorVersion=11.0.x, dontGoHomeOnQuit=true, device.os=iOS, noReset=false, dontStopAppOnReset=false, reservationDuration=240, reportFormat=xml, fullReset=false, platform=ANY, desired={app=cloud:com.experitest.ExperiBank, dontGoHomeOnQuit=true, deviceQuery=@os=&amp;apos;ios&amp;apos;, instrumentApp=true, bundleId=com.experitest.ExperiBank, reportDirectory=reports, reportFormat=xml, platformName=iOS, testName=IOSDemoTest}, device.serialNumber=30ea1939099b89ebf97cbd3422770af6dc5ee295, device.version=11.0.3, deviceQuery=@os=&amp;apos;ios&amp;apos;, automationName=XCUITest, reportDirectory=reports, autoWebview=false, platformName=iOS, testName=IOSDemoTest, device.screenSize=1536x2048, useKeystore=false, app=cloud:com.experitest.ExperiBank, cloudViewLink=http://releasecloud/agent-1/#/uMzoCmHwd0rttNF7?1
Picked up Grid Node (seetest_7785)
Reserved Device : navot D’s iPad#B0089, instrumentApp=true, device.manufacture=Apple, device.category=TABLET, bundleId=cloud:com.experitest.ExperiBank, autoDismissAlerts=false, reportUrl=http://192.168.2.114:8082/#/test/3, keystorePath=~/.android/debug.keystore, waitForDeviceTimeout=120000, device.model=iPad Air 2, device.name=navot Dג€™s iPad#B0089, projectName=, gridNodePort=7785, autoAcceptAlerts=false}]
Session ID: CLOUD-SID:2018-01-22_13-03-21-5bfa9cda-f4c8-4ac6-b63b-9f3fb09de723">
      <![CDATA[org.openqa.selenium.TimeoutException: Timed out after 30 seconds waiting for presence of element located by: By.xpath: //*[@text='Your balance is:  100.00$ ']
Build info: version: '2.53.1', revision: 'a36b8b1cd5757287168e54b817830adce9b0158d', time: '2016-06-30 19:26:09'
System info: host: 'SheliAshkenazi', ip: '192.168.2.73', os.name: 'Windows 8.1', os.arch: 'amd64', os.version: '6.3', java.version: '1.8.0_121'
Driver info: io.appium.java_client.ios.IOSDriver
Capabilities [{device.majorVersion=11.0.x, dontGoHomeOnQuit=true, device.os=iOS, noReset=false, dontStopAppOnReset=false, reservationDuration=240, reportFormat=xml, fullReset=false, platform=ANY, desired={app=cloud:com.experitest.ExperiBank, dontGoHomeOnQuit=true, deviceQuery=@os='ios', instrumentApp=true, bundleId=com.experitest.ExperiBank, reportDirectory=reports, reportFormat=xml, platformName=iOS, testName=IOSDemoTest}, device.serialNumber=30ea1939099b89ebf97cbd3422770af6dc5ee295, device.version=11.0.3, deviceQuery=@os='ios', automationName=XCUITest, reportDirectory=reports, autoWebview=false, platformName=iOS, testName=IOSDemoTest, device.screenSize=1536x2048, useKeystore=false, app=cloud:com.experitest.ExperiBank, cloudViewLink=http://releasecloud/agent-1/#/uMzoCmHwd0rttNF7?1
Picked up Grid Node (seetest_7785)
Reserved Device : navot D’s iPad#B0089, instrumentApp=true, device.manufacture=Apple, device.category=TABLET, bundleId=cloud:com.experitest.ExperiBank, autoDismissAlerts=false, reportUrl=http://192.168.2.114:8082/#/test/3, keystorePath=~/.android/debug.keystore, waitForDeviceTimeout=120000, device.model=iPad Air 2, device.name=navot Dג€™s iPad#B0089, projectName=, gridNodePort=7785, autoAcceptAlerts=false}]
Session ID: CLOUD-SID:2018-01-22_13-03-21-5bfa9cda-f4c8-4ac6-b63b-9f3fb09de723
	at org.openqa.selenium.support.ui.WebDriverWait.timeoutException(WebDriverWait.java:80)
	at org.openqa.selenium.support.ui.FluentWait.until(FluentWait.java:261)
	at com.experitest.auto.IOSDemoTest.test(IOSDemoTest.java:45)
	at java.util.concurrent.FutureTask.run(FutureTask.java:266)
	at java.util.concurrent.ThreadPoolExecutor.runWorker(ThreadPoolExecutor.java:1142)
	at java.util.concurrent.ThreadPoolExecutor$Worker.run(ThreadPoolExecutor.java:617)
	at java.lang.Thread.run(Thread.java:745)
Caused by: org.openqa.selenium.NoSuchElementException: no such element (An element could not be located on the page using the given search parameters (XPATH='//*[@text='Your balance is:  100.00$ ']'))  (WARNING: The server did not provide any stacktrace information)
Command duration or timeout: 1.71 seconds
For documentation on this error, please visit: http://seleniumhq.org/exceptions/no_such_element.html
Build info: version: '2.53.1', revision: 'a36b8b1cd5757287168e54b817830adce9b0158d', time: '2016-06-30 19:26:09'
System info: host: 'SheliAshkenazi', ip: '192.168.2.73', os.name: 'Windows 8.1', os.arch: 'amd64', os.version: '6.3', java.version: '1.8.0_121'
Driver info: io.appium.java_client.ios.IOSDriver
Capabilities [{device.majorVersion=11.0.x, dontGoHomeOnQuit=true, device.os=iOS, noReset=false, dontStopAppOnReset=false, reservationDuration=240, reportFormat=xml, fullReset=false, platform=ANY, desired={app=cloud:com.experitest.ExperiBank, dontGoHomeOnQuit=true, deviceQuery=@os='ios', instrumentApp=true, bundleId=com.experitest.ExperiBank, reportDirectory=reports, reportFormat=xml, platformName=iOS, testName=IOSDemoTest}, device.serialNumber=30ea1939099b89ebf97cbd3422770af6dc5ee295, device.version=11.0.3, deviceQuery=@os='ios', automationName=XCUITest, reportDirectory=reports, autoWebview=false, platformName=iOS, testName=IOSDemoTest, device.screenSize=1536x2048, useKeystore=false, app=cloud:com.experitest.ExperiBank, cloudViewLink=http://releasecloud/agent-1/#/uMzoCmHwd0rttNF7?1
Picked up Grid Node (seetest_7785)
Reserved Device : navot D’s iPad#B0089, instrumentApp=true, device.manufacture=Apple, device.category=TABLET, bundleId=cloud:com.experitest.ExperiBank, autoDismissAlerts=false, reportUrl=http://192.168.2.114:8082/#/test/3, keystorePath=~/.android/debug.keystore, waitForDeviceTimeout=120000, device.model=iPad Air 2, device.name=navot Dג€™s iPad#B0089, projectName=, gridNodePort=7785, autoAcceptAlerts=false}]
Session ID: CLOUD-SID:2018-01-22_13-03-21-5bfa9cda-f4c8-4ac6-b63b-9f3fb09de723
*** Element info: {Using=xpath, value=//*[@text='Your balance is:  100.00$ ']}
	at org.openqa.selenium.remote.ErrorHandler.createThrowable(ErrorHandler.java:206)
	at org.openqa.selenium.remote.ErrorHandler.throwIfResponseFailed(ErrorHandler.java:158)
	at org.openqa.selenium.remote.RemoteWebDriver.execute(RemoteWebDriver.java:678)
	at io.appium.java_client.DefaultGenericMobileDriver.execute(DefaultGenericMobileDriver.java:40)
	at io.appium.java_client.AppiumDriver.execute(AppiumDriver.java:1)
	at io.appium.java_client.ios.IOSDriver.execute(IOSDriver.java:1)
	at org.openqa.selenium.remote.RemoteWebDriver.findElement(RemoteWebDriver.java:363)
	at io.appium.java_client.DefaultGenericMobileDriver.findElement(DefaultGenericMobileDriver.java:56)
	at io.appium.java_client.AppiumDriver.findElement(AppiumDriver.java:1)
	at io.appium.java_client.ios.IOSDriver.findElement(IOSDriver.java:1)
	at org.openqa.selenium.remote.RemoteWebDriver.findElementByXPath(RemoteWebDriver.java:500)
	at io.appium.java_client.DefaultGenericMobileDriver.findElementByXPath(DefaultGenericMobileDriver.java:134)
	at io.appium.java_client.AppiumDriver.findElementByXPath(AppiumDriver.java:1)
	at io.appium.java_client.ios.IOSDriver.findElementByXPath(IOSDriver.java:1)
	at org.openqa.selenium.By$ByXPath.findElement(By.java:361)
	at org.openqa.selenium.remote.RemoteWebDriver.findElement(RemoteWebDriver.java:355)
	at io.appium.java_client.DefaultGenericMobileDriver.findElement(DefaultGenericMobileDriver.java:52)
	at io.appium.java_client.AppiumDriver.findElement(AppiumDriver.java:1)
	at io.appium.java_client.ios.IOSDriver.findElement(IOSDriver.java:1)
	at org.openqa.selenium.support.ui.ExpectedConditions.findElement(ExpectedConditions.java:899)
	at org.openqa.selenium.support.ui.ExpectedConditions.access$000(ExpectedConditions.java:41)
	at org.openqa.selenium.support.ui.ExpectedConditions$6.apply(ExpectedConditions.java:181)
	at org.openqa.selenium.support.ui.ExpectedConditions$6.apply(ExpectedConditions.java:178)
	at org.openqa.selenium.support.ui.FluentWait.until(FluentWait.java:238)
	... 21 more
... Removed 19 stack frames]]>
    </failure>
  </testcase> <!-- test -->
</testsuite> <!-- TestIOS2 -->
